<?xml version="1.0" encoding="UTF-8"?>
<!-- Generated by org.testng.reporters.JUnitReportReporter -->
<testsuite hostname="DESKTOP-TAUR7C6" failures="0" tests="1" name="pkg1.Flipcart" time="46.117" errors="0" timestamp="2022-08-07T07:01:24 NZST" skipped="0">
  <testcase classname="pkg1.Flipcart" name="Flipcartselection" time="46.117"/>
  <system-out/>
</testsuite> <!-- pkg1.Flipcart -->
