<?xml version="1.0" encoding="UTF-8"?>
<!-- Generated by org.testng.reporters.JUnitReportReporter -->
<testsuite hostname="DESKTOP-TAUR7C6" failures="0" tests="1" name="pkg1.Flipcart" time="49.206" errors="0" timestamp="2022-08-06T18:36:24 NZST" skipped="0">
  <testcase classname="pkg1.Flipcart" name="Flipcartselection" time="49.206"/>
  <system-out/>
</testsuite> <!-- pkg1.Flipcart -->
