<?xml version="1.0" encoding="UTF-8"?>
<!-- Generated by org.testng.reporters.JUnitReportReporter -->
<testsuite hostname="DESKTOP-TAUR7C6" failures="0" tests="1" name="pkg1.date1" time="45.499" errors="0" timestamp="2022-07-26T17:35:00 NZST" skipped="0">
  <testcase classname="pkg1.date1" name="dateselection" time="45.499"/>
  <system-out/>
</testsuite> <!-- pkg1.date1 -->
